
> crm-habitationsdg@0.1.0 build
> next build

â–˛ Next.js 16.2.7 (Turbopack)
- Environments: .env.local, .env

âš  The "middleware" file convention is deprecated. Please use "proxy" instead. Learn more: https://nextjs.org/docs/messages/middleware-to-proxy
  Creating an optimized production build ...
âś“ Compiled successfully in 4.0s
  Running TypeScript ...
Failed to type check.

.next/dev/types/validator.ts:333:31
Type error: Type 'typeof import("C:/Projets/crm-habitationsdg/src/app/api/taches/[id]/route")' does not satisfy the constraint 'RouteHandlerConfig<"/api/taches/[id]">'.
  Types of property 'PUT' are incompatible.
    Type '(request: NextRequest, { params }: { params: { id: string; }; }) => Promise<NextResponse<{ tache: { id: string; nom: string; createdAt: Date; updatedAt: Date; description: string | null; ordre: number; ... 8 more ...; projetId: string; }; }> | NextResponse<...>>' is not assignable to type '(request: NextRequest, context: { params: Promise<{ id: string; }>; }) => void | Response | Promise<void | Response>'.
      Types of parameters '__1' and 'context' are incompatible.
        Type '{ params: Promise<{ id: string; }>; }' is not assignable to type '{ params: { id: string; }; }'.
          Types of property 'params' are incompatible.
            Property 'id' is missing in type 'Promise<{ id: string; }>' but required in type '{ id: string; }'.

  [90m331 |[0m   [36mtype[0m __IsExpected<[33mSpecific[0m [36mextends[0m [33mRouteHandlerConfig[0m<[32m"/api/taches/[id]"[0m>> = [33mSpecific[0m
  [90m332 |[0m   [36mconst[0m handler = {} [36mas[0m [36mtypeof[0m [36mimport[0m([32m"../../../src/app/api/taches/[id]/route.js"[0m)
[31m[1m>[0m [90m333 |[0m   [36mtype[0m __Check = __IsExpected<[36mtypeof[0m handler>
  [90m    |[0m                               [31m[1m^[0m
  [90m334 |[0m   [90m// @ts-ignore[0m
  [90m335 |[0m   [36mtype[0m __Unused = __Check
  [90m336 |[0m }
Next.js build worker exited with code: 1 and signal: null
